Jun 20, 2026 1:20:05 PM InventoryLogger logInfo
INFO: Program started.
Jun 20, 2026 1:20:05 PM InventoryLogger logInfo
INFO: Inventory Manager initialized.
Jun 20, 2026 1:20:35 PM InventoryLogger logInfo
INFO: Product added: Ballpoint Pen (Black) (ID: 1)
Jun 20, 2026 1:20:35 PM InventoryLogger logInfo
INFO: User entered product information for: Ballpoint Pen (Black)
Jun 20, 2026 1:20:36 PM InventoryLogger logInfo
INFO: Displaying all products.
Jun 20, 2026 1:20:51 PM InventoryLogger logInfo
INFO: Product added: Ballpoint Pen (Blue) (ID: 2)
Jun 20, 2026 1:20:51 PM InventoryLogger logInfo
INFO: User entered product information for: Ballpoint Pen (Blue)
Jun 20, 2026 1:20:53 PM InventoryLogger logInfo
INFO: Program terminated.
Jun 20, 2026 1:20:59 PM InventoryLogger logInfo
INFO: Program started.
Jun 20, 2026 1:20:59 PM InventoryLogger logInfo
INFO: Inventory Manager initialized.
Jun 20, 2026 1:21:05 PM InventoryLogger logInfo
INFO: Displaying all products.
Jun 20, 2026 1:21:06 PM InventoryLogger logInfo
INFO: Program terminated.
